Arguments: 
  C:\Program Files\nodejs\node.exe C:\Users\Fabian\AppData\Roaming\npm\node_modules\yarn\bin\yarn.js install

PATH: 
  C:\WINDOWS\system32;C:\WINDOWS;C:\WINDOWS\System32\Wbem;C:\WINDOWS\System32\WindowsPowerShell\v1.0\;C:\WINDOWS\System32\OpenSSH\;C:\Program Files\Microsoft VS Code\bin;C:\Program Files\Git\cmd;C:\Program Files\Docker\Docker\resources\bin;C:\ProgramData\DockerDesktop\version-bin;C:\Program Files (x86)\Microsoft SQL Server\160\DTS\Binn\;C:\Program Files\Azure Data Studio\bin;C:\Program Files\nodejs\;C:\Program Files\Inkscape\bin;C:\Users\Fabian\AppData\Local\Microsoft\WindowsApps;C:\Users\Fabian\AppData\Local\GitHubDesktop\bin;;C:\Users\Fabian\AppData\Local\Programs\Azure Data Studio\bin;C:\Program Files\Azure Data Studio\bin;C:\Users\Fabian\AppData\Roaming\npm

Yarn version: 
  1.22.19

Node version: 
  20.5.0

Platform: 
  win32 x64

Trace: 
  Error: https://registry.yarnpkg.com/@getbrevo/brevo/-/brevo-1.0.1.tgz: ESOCKETTIMEDOUT
      at ClientRequest.<anonymous> (C:\Users\Fabian\AppData\Roaming\npm\node_modules\yarn\lib\cli.js:141517:19)
      at Object.onceWrapper (node:events:628:28)
      at ClientRequest.emit (node:events:514:28)
      at TLSSocket.emitRequestTimeout (node:_http_client:840:9)
      at Object.onceWrapper (node:events:628:28)
      at TLSSocket.emit (node:events:526:35)
      at Socket._onTimeout (node:net:589:8)
      at listOnTimeout (node:internal/timers:573:17)
      at process.processTimers (node:internal/timers:514:7)

npm manifest: 
  {
    "name": "server",
    "version": "1.0.0",
    "description": "campus express server",
    "main": "index.js",
    "scripts": {
      "test": "echo \"Error: no test specified\" && exit 1",
      "start": "nodemon index.js"
    },
    "author": "fabian",
    "license": "ISC",
    "dependencies": {
      "@getbrevo/brevo": "^1.0.1",
      "@google-cloud/local-auth": "^2.1.1",
      "axios": "^1.4.0",
      "base64-to-file": "^1.1.0",
      "bcryptjs": "^2.4.3",
      "body-parser": "^1.20.2",
      "cookie-parser": "^1.4.6",
      "cors": "^2.8.5",
      "dotenv": "^16.0.3",
      "express": "^4.18.2",
      "flutterwave-node-v3": "^1.1.6",
      "fs": "^0.0.1-security",
      "google-auth-library": "^9.4.1",
      "googleapis": "^105.0.0",
      "greeting-time": "^1.0.0",
      "http-proxy-middleware": "^2.0.6",
      "jsonwebtoken": "^9.0.0",
      "mailtrap": "^3.2.0",
      "mocha": "^10.2.0",
      "morgan": "^1.10.0",
      "multer": "^1.4.5-lts.1",
      "nodemailer": "^6.9.7",
      "nodemon": "^2.0.22",
      "opay": "^1.0.94",
      "path": "^0.12.7",
      "pg": "^8.10.0",
      "redis": "^4.6.10",
      "request-promise": "^4.2.6",
      "serialport": "^12.0.0",
      "short-id": "^0.1.0-1",
      "sib-api-v3-sdk": "^8.5.0",
      "sms-service": "^1.1.7",
      "socket.io": "^4.6.1",
      "universal-cookie": "^4.0.4",
      "uuid": "^9.0.1",
      "uuidv4": "^6.2.13",
      "youtube-all-in-one-uploader": "^1.0.5"
    }
  }

yarn manifest: 
  No manifest

Lockfile: 
  No lockfile
